<?xml version="1.0" encoding="UTF-8"?>
<testsuite name="WorkTest" tests="1" time="0.003" failures="0" errors="0" assertions="1">
  <testcase name="test_the_truth" time="0.003" assertions="1">
  </testcase>
  <system-out>
    <![CDATA[]]>
  </system-out>
  <system-err>
    <![CDATA[]]>
  </system-err>
</testsuite>
